Release 14.2 - xst P.28xd (nt)
Copyright (c) 1995-2012 Xilinx, Inc.  All rights reserved.
--> Parameter TMPDIR set to xst/projnav.tmp


Total REAL time to Xst completion: 0.00 secs
Total CPU time to Xst completion: 0.10 secs
 
--> Parameter xsthdpdir set to xst


Total REAL time to Xst completion: 0.00 secs
Total CPU time to Xst completion: 0.11 secs
 
--> Reading design: vga_sync.prj

TABLE OF CONTENTS
  1) Synthesis Options Summary
  2) HDL Compilation
  3) Design Hierarchy Analysis
  4) HDL Analysis
  5) HDL Synthesis
     5.1) HDL Synthesis Report
  6) Advanced HDL Synthesis
     6.1) Advanced HDL Synthesis Report
  7) Low Level Synthesis
  8) Partition Report
  9) Final Report
	9.1) Device utilization summary
	9.2) Partition Resource Summary
	9.3) TIMING REPORT


=========================================================================
*                      Synthesis Options Summary                        *
=========================================================================
---- Source Parameters
Input File Name                    : "vga_sync.prj"
Input Format                       : mixed
Ignore Synthesis Constraint File   : NO

---- Target Parameters
Output File Name                   : "vga_sync"
Output Format                      : NGC
Target Device                      : xc3s1200e-4-fg320

---- Source Options
Top Module Name                    : vga_sync
Automatic FSM Extraction           : YES
FSM Encoding Algorithm             : Auto
Safe Implementation                : No
FSM Style                          : LUT
RAM Extraction                     : Yes
RAM Style                          : Auto
ROM Extraction                     : Yes
Mux Style                          : Auto
Decoder Extraction                 : YES
Priority Encoder Extraction        : Yes
Shift Register Extraction          : YES
Logical Shifter Extraction         : YES
XOR Collapsing                     : YES
ROM Style                          : Auto
Mux Extraction                     : Yes
Resource Sharing                   : YES
Asynchronous To Synchronous        : NO
Multiplier Style                   : Auto
Automatic Register Balancing       : No

---- Target Options
Add IO Buffers                     : YES
Global Maximum Fanout              : 100000
Add Generic Clock Buffer(BUFG)     : 24
Register Duplication               : YES
Slice Packing                      : YES
Optimize Instantiated Primitives   : NO
Use Clock Enable                   : Yes
Use Synchronous Set                : Yes
Use Synchronous Reset              : Yes
Pack IO Registers into IOBs        : Auto
Equivalent register Removal        : YES

---- General Options
Optimization Goal                  : Speed
Optimization Effort                : 1
Keep Hierarchy                     : No
Netlist Hierarchy                  : As_Optimized
RTL Output                         : Yes
Global Optimization                : AllClockNets
Read Cores                         : YES
Write Timing Constraints           : NO
Cross Clock Analysis               : NO
Hierarchy Separator                : /
Bus Delimiter                      : <>
Case Specifier                     : Maintain
Slice Utilization Ratio            : 100
BRAM Utilization Ratio             : 100
Verilog 2001                       : YES
Auto BRAM Packing                  : NO
Slice Utilization Ratio Delta      : 5

=========================================================================


=========================================================================
*                          HDL Compilation                              *
=========================================================================
Compiling verilog file "../colors/spart1200e/vga_sync.v" in library work
Module <vga_sync> compiled
No errors in compilation
Analysis of file <"vga_sync.prj"> succeeded.
 

=========================================================================
*                     Design Hierarchy Analysis                         *
=========================================================================
Analyzing hierarchy for module <vga_sync> in library <work> with parameters.
	HB = "00000000000000000000000000010000"
	HD = "00000000000000000000001010000000"
	HF = "00000000000000000000000000110000"
	HR = "00000000000000000000000001100000"
	VB = "00000000000000000000000000100001"
	VD = "00000000000000000000000111100000"
	VF = "00000000000000000000000000001010"
	VR = "00000000000000000000000000000010"


=========================================================================
*                            HDL Analysis                               *
=========================================================================
Analyzing top module <vga_sync>.
	HB = 32'sb00000000000000000000000000010000
	HD = 32'sb00000000000000000000001010000000
	HF = 32'sb00000000000000000000000000110000
	HR = 32'sb00000000000000000000000001100000
	VB = 32'sb00000000000000000000000000100001
	VD = 32'sb00000000000000000000000111100000
	VF = 32'sb00000000000000000000000000001010
	VR = 32'sb00000000000000000000000000000010
Module <vga_sync> is correct for synthesis.
 

=========================================================================
*                           HDL Synthesis                               *
=========================================================================

Performing bidirectional port resolution...

Synthesizing Unit <vga_sync>.
    Related source file is "../colors/spart1200e/vga_sync.v".
    Found 10-bit adder for signal <h_count_next$addsub0000> created at line 87.
    Found 10-bit register for signal <h_count_reg>.
    Found 10-bit comparator greatequal for signal <h_sync_next$cmp_ge0000> created at line 103.
    Found 10-bit comparator lessequal for signal <h_sync_next$cmp_le0000> created at line 103.
    Found 1-bit register for signal <h_sync_reg>.
    Found 1-bit register for signal <mod2_reg>.
    Found 10-bit adder for signal <v_count_next$addsub0000> created at line 97.
    Found 10-bit register for signal <v_count_reg>.
    Found 10-bit comparator greatequal for signal <v_sync_next$cmp_ge0000> created at line 106.
    Found 10-bit comparator lessequal for signal <v_sync_next$cmp_le0000> created at line 106.
    Found 1-bit register for signal <v_sync_reg>.
    Found 11-bit comparator less for signal <video_on$cmp_lt0000> created at line 108.
    Found 10-bit comparator less for signal <video_on$cmp_lt0001> created at line 108.
    Summary:
	inferred  23 D-type flip-flop(s).
	inferred   2 Adder/Subtractor(s).
	inferred   6 Comparator(s).
Unit <vga_sync> synthesized.


=========================================================================
HDL Synthesis Report

Macro Statistics
# Adders/Subtractors                                   : 2
 10-bit adder                                          : 2
# Registers                                            : 5
 1-bit register                                        : 3
 10-bit register                                       : 2
# Comparators                                          : 6
 10-bit comparator greatequal                          : 2
 10-bit comparator less                                : 1
 10-bit comparator lessequal                           : 2
 11-bit comparator less                                : 1

=========================================================================

=========================================================================
*                       Advanced HDL Synthesis                          *
=========================================================================


=========================================================================
Advanced HDL Synthesis Report

Macro Statistics
# Adders/Subtractors                                   : 2
 10-bit adder                                          : 2
# Registers                                            : 23
 Flip-Flops                                            : 23
# Comparators                                          : 6
 10-bit comparator greatequal                          : 2
 10-bit comparator less                                : 1
 10-bit comparator lessequal                           : 2
 11-bit comparator less                                : 1

=========================================================================

=========================================================================
*                         Low Level Synthesis                           *
=========================================================================

Optimizing unit <vga_sync> ...

Mapping all equations...
Building and optimizing final netlist ...
Found area constraint ratio of 100 (+ 5) on block vga_sync, actual ratio is 0.

Final Macro Processing ...

=========================================================================
Final Register Report

Macro Statistics
# Registers                                            : 23
 Flip-Flops                                            : 23

=========================================================================

=========================================================================
*                           Partition Report                            *
=========================================================================

Partition Implementation Status
-------------------------------

  No Partitions were found in this design.

-------------------------------

=========================================================================
*                            Final Report                               *
=========================================================================
Final Results
RTL Top Level Output File Name     : vga_sync.ngr
Top Level Output File Name         : vga_sync
Output Format                      : NGC
Optimization Goal                  : Speed
Keep Hierarchy                     : No

Design Statistics
# IOs                              : 26

Cell Usage :
# BELS                             : 97
#      GND                         : 1
#      INV                         : 3
#      LUT1                        : 18
#      LUT2                        : 3
#      LUT3                        : 1
#      LUT3_L                      : 1
#      LUT4                        : 28
#      LUT4_D                      : 3
#      MUXCY                       : 18
#      VCC                         : 1
#      XORCY                       : 20
# FlipFlops/Latches                : 23
#      FDC                         : 23
# Clock Buffers                    : 1
#      BUFGP                       : 1
# IO Buffers                       : 25
#      IBUF                        : 1
#      OBUF                        : 24
=========================================================================

Device utilization summary:
---------------------------

Selected Device : 3s1200efg320-4 

 Number of Slices:                       30  out of   8672     0%  
 Number of Slice Flip Flops:             23  out of  17344     0%  
 Number of 4 input LUTs:                 57  out of  17344     0%  
 Number of IOs:                          26
 Number of bonded IOBs:                  26  out of    250    10%  
 Number of GCLKs:                         1  out of     24     4%  

---------------------------
Partition Resource Summary:
---------------------------

  No Partitions were found in this design.

---------------------------


=========================================================================
TIMING REPORT

NOTE: THESE TIMING NUMBERS ARE ONLY A SYNTHESIS ESTIMATE.
      FOR ACCURATE TIMING INFORMATION PLEASE REFER TO THE TRACE REPORT
      GENERATED AFTER PLACE-and-ROUTE.

Clock Information:
------------------
-----------------------------------+------------------------+-------+
Clock Signal                       | Clock buffer(FF name)  | Load  |
-----------------------------------+------------------------+-------+
clk                                | BUFGP                  | 23    |
-----------------------------------+------------------------+-------+

Asynchronous Control Signals Information:
----------------------------------------
-----------------------------------+------------------------+-------+
Control Signal                     | Buffer(FF name)        | Load  |
-----------------------------------+------------------------+-------+
reset                              | IBUF                   | 23    |
-----------------------------------+------------------------+-------+

Timing Summary:
---------------
Speed Grade: -4

   Minimum period: 6.689ns (Maximum Frequency: 149.499MHz)
   Minimum input arrival time before clock: No path found
   Maximum output required time after clock: 6.998ns
   Maximum combinational path delay: No path found

Timing Detail:
--------------
All values displayed in nanoseconds (ns)

=========================================================================
Timing constraint: Default period analysis for Clock 'clk'
  Clock period: 6.689ns (frequency: 149.499MHz)
  Total number of paths / destination ports: 577 / 23
-------------------------------------------------------------------------
Delay:               6.689ns (Levels of Logic = 4)
  Source:            h_count_reg_2 (FF)
  Destination:       v_count_reg_0 (FF)
  Source Clock:      clk rising
  Destination Clock: clk rising

  Data Path: h_count_reg_2 to v_count_reg_0
                                Gate     Net
    Cell:in->out      fanout   Delay   Delay  Logical Name (Net Name)
    ----------------------------------------  ------------
     FDC:C->Q              4   0.591   0.762  h_count_reg_2 (h_count_reg_2)
     LUT4:I0->O            2   0.704   0.451  h_end12 (h_end12)
     LUT4:I3->O           11   0.704   0.937  h_end24 (h_end)
     LUT4_D:I3->O          9   0.704   0.824  v_count_next<0>2 (N4)
     LUT4:I3->O            1   0.704   0.000  v_count_next<8>1 (v_count_next<8>)
     FDC:D                     0.308          v_count_reg_8
    ----------------------------------------
    Total                      6.689ns (3.715ns logic, 2.974ns route)
                                       (55.5% logic, 44.5% route)

=========================================================================
Timing constraint: Default OFFSET OUT AFTER for Clock 'clk'
  Total number of paths / destination ports: 31 / 24
-------------------------------------------------------------------------
Offset:              6.998ns (Levels of Logic = 3)
  Source:            v_count_reg_6 (FF)
  Destination:       video_on (PAD)
  Source Clock:      clk rising

  Data Path: v_count_reg_6 to video_on
                                Gate     Net
    Cell:in->out      fanout   Delay   Delay  Logical Name (Net Name)
    ----------------------------------------  ------------
     FDC:C->Q              5   0.591   0.808  v_count_reg_6 (v_count_reg_6)
     LUT4:I0->O            1   0.704   0.499  video_on21 (video_on21)
     LUT4:I1->O            1   0.704   0.420  video_on34 (video_on_OBUF)
     OBUF:I->O                 3.272          video_on_OBUF (video_on)
    ----------------------------------------
    Total                      6.998ns (5.271ns logic, 1.727ns route)
                                       (75.3% logic, 24.7% route)

=========================================================================


Total REAL time to Xst completion: 4.00 secs
Total CPU time to Xst completion: 4.03 secs
 
--> 

Total memory usage is 215604 kilobytes

Number of errors   :    0 (   0 filtered)
Number of warnings :    0 (   0 filtered)
Number of infos    :    0 (   0 filtered)

